<?xml version="1.0" encoding="UTF-8"?>
<testsuite xmlns:xsi="http://www.w3.org/2001/XMLSchema-instance" xsi:noNamespaceSchemaLocation="https://maven.apache.org/surefire/maven-surefire-plugin/xsd/surefire-test-report.xsd" version="3.0.1" name="com.utility.TestRunner" time="71.363" tests="1" errors="0" skipped="0" failures="0">
  <properties>
[...]
</properties>
  <testcase name="runScenario[&quot;Place an Order on GreenKart&quot;, &quot;Greeen Kart Application&quot;](1)" classname="com.utility.TestRunner" time="68.862">
    <system-out><![CDATA[
@tag @GreenKart
Scenario Outline: Place an Order on GreenKart      # src/test/java/Features/GreenKartDemo.feature:33
Starting Test Scenario...
  Given Launching the website                      # StepDefinations.GreenKartStepDef.OpenGreenKart()

    Embedding Step Screenshot [image/png 172730 bytes]

  And Verify the Home Page                         # StepDefinations.GreenKartStepDef.HomePageVerfication()

    Embedding Step Screenshot [image/png 173000 bytes]

  When Adding some vegetables in the cart          # StepDefinations.GreenKartStepDef.AddingProductsInCart()

    Embedding Step Screenshot [image/png 142087 bytes]

  Then I check out and select country as "Andorra" # StepDefinations.GreenKartStepDef.Checkout(java.lang.String)

    Embedding Step Screenshot [image/png 26524 bytes]

  And I verify order placed successfully           # StepDefinations.GreenKartStepDef.OrderPlaced()

    Embedding Step Screenshot [image/png 19770 bytes]

Scenario Passed: Place an Order on GreenKart
]]></system-out>
    <system-err><![CDATA[SLF4J: Failed to load class "org.slf4j.impl.StaticLoggerBinder".
SLF4J: Defaulting to no-operation (NOP) logger implementation
SLF4J: See http://www.slf4j.org/codes.html#StaticLoggerBinder for further details.
]]></system-err>
  </testcase>
</testsuite>