<?xml version="1.0" encoding="UTF-8"?>
<testng-results ignored="0" total="1" passed="1" failed="0" skipped="0">
  <reporter-output>
  </reporter-output>
  <suite started-at="2025-03-01T10:42:18 IST" name="Surefire suite" finished-at="2025-03-01T10:43:28 IST" duration-ms="70248">
    <groups>
      <group name="cucumber">
        <method signature="AbstractTestNGCucumberTests.runScenario(io.cucumber.testng.PickleWrapper,io.cucumber.testng.FeatureWrapper)[pri:0, instance:com.utility.TestRunner@4659191b]" name="runScenario" class="io.cucumber.testng.AbstractTestNGCucumberTests"/>
      </group> <!-- cucumber -->
    </groups>
    <test started-at="2025-03-01T10:42:18 IST" name="Surefire test" finished-at="2025-03-01T10:43:28 IST" duration-ms="70248">
      <class name="com.utility.TestRunner">
        <test-method is-config="true" signature="setUpClass(org.testng.ITestContext)[pri:0, instance:com.utility.TestRunner@4659191b]" started-at="2025-03-01T10:42:18 IST" name="setUpClass" finished-at="2025-03-01T10:42:19 IST" duration-ms="1120" status="PASS">
          <params>
            <param index="0">
              <value>
                <![CDATA[org.testng.TestRunner@1729ec00]]>
              </value>
            </param>
          </params>
          <reporter-output>
          </reporter-output>
        </test-method> <!-- setUpClass -->
        <test-method signature="runScenario(io.cucumber.testng.PickleWrapper,io.cucumber.testng.FeatureWrapper)[pri:0, instance:com.utility.TestRunner@4659191b]" started-at="2025-03-01T10:42:19 IST" name="runScenario" description="Runs Cucumber Scenarios" data-provider="scenarios" finished-at="2025-03-01T10:43:28 IST" duration-ms="68861" status="PASS">
          <params>
            <param index="0">
              <value>
                <![CDATA["Place an Order on GreenKart"]]>
              </value>
            </param>
            <param index="1">
              <value>
                <![CDATA["Greeen Kart Application"]]>
              </value>
            </param>
          </params>
          <reporter-output>
          </reporter-output>
        </test-method> <!-- runScenario -->
        <test-method is-config="true" signature="tearDownClass()[pri:0, instance:com.utility.TestRunner@4659191b]" started-at="2025-03-01T10:43:28 IST" name="tearDownClass" finished-at="2025-03-01T10:43:28 IST" duration-ms="178" status="PASS">
          <reporter-output>
          </reporter-output>
        </test-method> <!-- tearDownClass -->
      </class> <!-- com.utility.TestRunner -->
    </test> <!-- Surefire test -->
  </suite> <!-- Surefire suite -->
</testng-results>
